2023-03-20 17:54:29,854 [INFO <3d-editor>] GUI Application started
2023-03-20 17:54:30,156 [INFO <3d-editor>] Window OK. Start application...
2023-03-20 17:54:35,248 [INFO <3d-editor.editor>] point has been added
2023-03-20 17:54:35,248 [INFO <3d-editor.editor>] point has been added
2023-03-20 17:54:46,565 [INFO <3d-editor.editor>] model is saving
2023-03-20 17:54:46,565 [INFO <3d-editor.editor>] model is saving
2023-03-20 17:54:46,566 [INFO <3d-editor.editor>] model has been saved
2023-03-20 17:54:46,566 [INFO <3d-editor.editor>] model has been saved
2023-03-20 17:54:52,774 [INFO <3d-editor.editor>] model is opening
2023-03-20 17:54:52,774 [INFO <3d-editor.editor>] model is opening
2023-03-20 17:54:52,809 [INFO <3d-editor.editor>] model has been opened
2023-03-20 17:54:52,809 [INFO <3d-editor.editor>] model has been opened
2023-03-20 17:58:03,188 [INFO <3d-editor>] GUI Application started
2023-03-20 17:58:03,539 [INFO <3d-editor>] Window OK. Start application...
2023-03-20 17:58:05,396 [INFO <3d-editor.editor>] point has been added
2023-03-20 17:58:05,396 [INFO <3d-editor.editor>] point has been added
2023-03-20 17:58:05,919 [INFO <3d-editor.editor>] point has been added
2023-03-20 17:58:05,919 [INFO <3d-editor.editor>] point has been added
2023-03-20 17:58:08,286 [INFO <3d-editor.editor>] ellipse has been added
2023-03-20 17:58:08,286 [INFO <3d-editor.editor>] ellipse has been added
2023-03-20 17:58:09,389 [INFO <3d-editor.editor>] ellipse has been added
2023-03-20 17:58:09,389 [INFO <3d-editor.editor>] ellipse has been added
